26/11/2013 12:59:53 PuppyGlitz 	(lines=1, bet=1) 	RTP: 0,749000. 1000 spins
26/11/2013 12:59:53 PuppyGlitz [jarVersion:2.0.0, checksum:none]
26/11/2013 12:59:54 Africa 	(lines=1, bet=1) 	RTP: 0,964000. 1000 spins
26/11/2013 12:59:54 Africa [jarVersion:2.0.0, checksum:-7817779444024341065]
26/11/2013 12:59:54 Dracula 	(lines=20, bet=1) 	RTP: 0,966700. 1000 spins
26/11/2013 12:59:54 Dracula [jarVersion:2.0.0, checksum:-7817779444024341065]
26/11/2013 12:59:54 TeddyPets 	(lines=1, bet=1) 	RTP: 0,763000. 1000 spins
26/11/2013 12:59:54 TeddyPets [jarVersion:2.0.0, checksum:-7817779444024341065]
26/11/2013 12:59:54 Monsters 	(lines=1, bet=1) 	RTP: 1,120000. 1000 spins
26/11/2013 12:59:54 Monsters [jarVersion:2.0.0, checksum:-7817779444024341065]
26/11/2013 12:59:54 Casper 	(lines=1, bet=1) 	RTP: 0,954000. 1000 spins
26/11/2013 12:59:54 Casper [jarVersion:2.0.0, checksum:-7817779444024341065]
26/11/2013 12:59:54 MerryReels 	(lines=1, bet=1) 	RTP: 1,030000. 1000 spins
26/11/2013 12:59:54 MerryReels [jarVersion:2.0.0, checksum:-7817779444024341065]
26/11/2013 12:59:54 PegLeg 	(lines=30, bet=1) 	RTP: 1,039033. 1000 spins
26/11/2013 12:59:54 PegLeg [jarVersion:2.0.0, checksum:-7817779444024341065]
26/11/2013 12:59:55 PegLeg B 	(lines=30, bet=1) 	RTP: 1,038533. 1000 spins
26/11/2013 12:59:55 PegLeg B [jarVersion:2.0.0, checksum:-7817779444024341065]
26/11/2013 15:30:55 Dracula 	(lines=20, bet=1) 	RTP: 0,964082. 10000000 spins
26/11/2013 15:30:55 Dracula [jarVersion:2.0.0, checksum:-7817779444024341065]
26/11/2013 15:51:27 Dracula 	(lines=20, bet=1) 	RTP: 0,959211. 10000000 spins
26/11/2013 15:51:27 Dracula [jarVersion:2.0.0, checksum:-7817779444024341065]
